2018-11-22T05:30:50+00:00 CRITICAL syntax error, unexpected ''dashicons-flag'' (T_CONSTANT_ENCAPSED_STRING), expecting ',' or ')' in /var/www/html/wordpress/wp-content/themes/transport-lite-child/functions.php on line 46

2018-11-22T05:31:05+00:00 CRITICAL syntax error, unexpected ''dashicons-flag'' (T_CONSTANT_ENCAPSED_STRING), expecting ',' or ')' in /var/www/html/wordpress/wp-content/themes/transport-lite-child/functions.php on line 46

2018-11-22T08:11:16+00:00 CRITICAL Uncaught Error: Call to undefined function requiredMessage() in /var/www/html/wordpress/wp-content/themes/transport-lite-child/Template-part/country/code/register.php:10
Stack trace:
#0 /var/www/html/wordpress/wp-content/themes/transport-lite-child/functions.php(92): include_once()
#1 /var/www/html/wordpress/wp-includes/class-wp-hook.php(286): location_manage_country_page_callback('')
#2 /var/www/html/wordpress/wp-includes/class-wp-hook.php(310): WP_Hook->apply_filters('', Array)
#3 /var/www/html/wordpress/wp-includes/plugin.php(453): WP_Hook->do_action(Array)
#4 /var/www/html/wordpress/wp-admin/admin.php(224): do_action('manage-location...')
#5 {main}
  thrown in /var/www/html/wordpress/wp-content/themes/transport-lite-child/Template-part/country/code/register.php on line 10

2018-11-22T12:26:46+00:00 CRITICAL Uncaught Error: Call to a member function fetchAll() on array in /var/www/html/wordpress/wp-content/themes/transport-lite-child/Template-part/country/code/listing.php:6
Stack trace:
#0 /var/www/html/wordpress/wp-content/themes/transport-lite-child/Template-part/country/listing.php(2): include_once()
#1 /var/www/html/wordpress/wp-content/themes/transport-lite-child/functions.php(89): include('/var/www/html/w...')
#2 /var/www/html/wordpress/wp-includes/class-wp-hook.php(286): myfunction('')
#3 /var/www/html/wordpress/wp-includes/class-wp-hook.php(310): WP_Hook->apply_filters('', Array)
#4 /var/www/html/wordpress/wp-includes/plugin.php(453): WP_Hook->do_action(Array)
#5 /var/www/html/wordpress/wp-admin/admin.php(224): do_action('toplevel_page_m...')
#6 {main}
  thrown in /var/www/html/wordpress/wp-content/themes/transport-lite-child/Template-part/country/code/listing.php on line 6

2018-11-22T12:27:10+00:00 CRITICAL Uncaught Error: Call to a member function fetchAll() on array in /var/www/html/wordpress/wp-content/themes/transport-lite-child/Template-part/country/code/listing.php:6
Stack trace:
#0 /var/www/html/wordpress/wp-content/themes/transport-lite-child/Template-part/country/listing.php(2): include_once()
#1 /var/www/html/wordpress/wp-content/themes/transport-lite-child/functions.php(89): include('/var/www/html/w...')
#2 /var/www/html/wordpress/wp-includes/class-wp-hook.php(286): myfunction('')
#3 /var/www/html/wordpress/wp-includes/class-wp-hook.php(310): WP_Hook->apply_filters('', Array)
#4 /var/www/html/wordpress/wp-includes/plugin.php(453): WP_Hook->do_action(Array)
#5 /var/www/html/wordpress/wp-admin/admin.php(224): do_action('toplevel_page_m...')
#6 {main}
  thrown in /var/www/html/wordpress/wp-content/themes/transport-lite-child/Template-part/country/code/listing.php on line 6

2018-11-22T12:30:44+00:00 CRITICAL Uncaught Error: Call to a member function fetchAll() on array in /var/www/html/wordpress/wp-content/themes/transport-lite-child/Template-part/country/code/listing.php:6
Stack trace:
#0 /var/www/html/wordpress/wp-content/themes/transport-lite-child/Template-part/country/listing.php(2): include_once()
#1 /var/www/html/wordpress/wp-content/themes/transport-lite-child/functions.php(89): include('/var/www/html/w...')
#2 /var/www/html/wordpress/wp-includes/class-wp-hook.php(286): myfunction('')
#3 /var/www/html/wordpress/wp-includes/class-wp-hook.php(310): WP_Hook->apply_filters('', Array)
#4 /var/www/html/wordpress/wp-includes/plugin.php(453): WP_Hook->do_action(Array)
#5 /var/www/html/wordpress/wp-admin/admin.php(224): do_action('toplevel_page_m...')
#6 {main}
  thrown in /var/www/html/wordpress/wp-content/themes/transport-lite-child/Template-part/country/code/listing.php on line 6

2018-11-22T12:30:45+00:00 CRITICAL Uncaught Error: Call to a member function fetchAll() on array in /var/www/html/wordpress/wp-content/themes/transport-lite-child/Template-part/country/code/listing.php:6
Stack trace:
#0 /var/www/html/wordpress/wp-content/themes/transport-lite-child/Template-part/country/listing.php(2): include_once()
#1 /var/www/html/wordpress/wp-content/themes/transport-lite-child/functions.php(89): include('/var/www/html/w...')
#2 /var/www/html/wordpress/wp-includes/class-wp-hook.php(286): myfunction('')
#3 /var/www/html/wordpress/wp-includes/class-wp-hook.php(310): WP_Hook->apply_filters('', Array)
#4 /var/www/html/wordpress/wp-includes/plugin.php(453): WP_Hook->do_action(Array)
#5 /var/www/html/wordpress/wp-admin/admin.php(224): do_action('toplevel_page_m...')
#6 {main}
  thrown in /var/www/html/wordpress/wp-content/themes/transport-lite-child/Template-part/country/code/listing.php on line 6

2018-11-22T12:30:45+00:00 CRITICAL Uncaught Error: Call to a member function fetchAll() on array in /var/www/html/wordpress/wp-content/themes/transport-lite-child/Template-part/country/code/listing.php:6
Stack trace:
#0 /var/www/html/wordpress/wp-content/themes/transport-lite-child/Template-part/country/listing.php(2): include_once()
#1 /var/www/html/wordpress/wp-content/themes/transport-lite-child/functions.php(89): include('/var/www/html/w...')
#2 /var/www/html/wordpress/wp-includes/class-wp-hook.php(286): myfunction('')
#3 /var/www/html/wordpress/wp-includes/class-wp-hook.php(310): WP_Hook->apply_filters('', Array)
#4 /var/www/html/wordpress/wp-includes/plugin.php(453): WP_Hook->do_action(Array)
#5 /var/www/html/wordpress/wp-admin/admin.php(224): do_action('toplevel_page_m...')
#6 {main}
  thrown in /var/www/html/wordpress/wp-content/themes/transport-lite-child/Template-part/country/code/listing.php on line 6

2018-11-22T12:31:07+00:00 CRITICAL Uncaught Error: Call to a member function fetch() on array in /var/www/html/wordpress/wp-content/themes/transport-lite-child/Template-part/country/code/listing.php:6
Stack trace:
#0 /var/www/html/wordpress/wp-content/themes/transport-lite-child/Template-part/country/listing.php(2): include_once()
#1 /var/www/html/wordpress/wp-content/themes/transport-lite-child/functions.php(89): include('/var/www/html/w...')
#2 /var/www/html/wordpress/wp-includes/class-wp-hook.php(286): myfunction('')
#3 /var/www/html/wordpress/wp-includes/class-wp-hook.php(310): WP_Hook->apply_filters('', Array)
#4 /var/www/html/wordpress/wp-includes/plugin.php(453): WP_Hook->do_action(Array)
#5 /var/www/html/wordpress/wp-admin/admin.php(224): do_action('toplevel_page_m...')
#6 {main}
  thrown in /var/www/html/wordpress/wp-content/themes/transport-lite-child/Template-part/country/code/listing.php on line 6

2018-11-22T12:31:08+00:00 CRITICAL Uncaught Error: Call to a member function fetch() on array in /var/www/html/wordpress/wp-content/themes/transport-lite-child/Template-part/country/code/listing.php:6
Stack trace:
#0 /var/www/html/wordpress/wp-content/themes/transport-lite-child/Template-part/country/listing.php(2): include_once()
#1 /var/www/html/wordpress/wp-content/themes/transport-lite-child/functions.php(89): include('/var/www/html/w...')
#2 /var/www/html/wordpress/wp-includes/class-wp-hook.php(286): myfunction('')
#3 /var/www/html/wordpress/wp-includes/class-wp-hook.php(310): WP_Hook->apply_filters('', Array)
#4 /var/www/html/wordpress/wp-includes/plugin.php(453): WP_Hook->do_action(Array)
#5 /var/www/html/wordpress/wp-admin/admin.php(224): do_action('toplevel_page_m...')
#6 {main}
  thrown in /var/www/html/wordpress/wp-content/themes/transport-lite-child/Template-part/country/code/listing.php on line 6

2018-11-22T12:31:09+00:00 CRITICAL Uncaught Error: Call to a member function fetch() on array in /var/www/html/wordpress/wp-content/themes/transport-lite-child/Template-part/country/code/listing.php:6
Stack trace:
#0 /var/www/html/wordpress/wp-content/themes/transport-lite-child/Template-part/country/listing.php(2): include_once()
#1 /var/www/html/wordpress/wp-content/themes/transport-lite-child/functions.php(89): include('/var/www/html/w...')
#2 /var/www/html/wordpress/wp-includes/class-wp-hook.php(286): myfunction('')
#3 /var/www/html/wordpress/wp-includes/class-wp-hook.php(310): WP_Hook->apply_filters('', Array)
#4 /var/www/html/wordpress/wp-includes/plugin.php(453): WP_Hook->do_action(Array)
#5 /var/www/html/wordpress/wp-admin/admin.php(224): do_action('toplevel_page_m...')
#6 {main}
  thrown in /var/www/html/wordpress/wp-content/themes/transport-lite-child/Template-part/country/code/listing.php on line 6

2018-11-22T12:33:57+00:00 CRITICAL Uncaught Error: Cannot use object of type stdClass as array in /var/www/html/wordpress/wp-content/themes/transport-lite-child/Template-part/country/listing.php:101
Stack trace:
#0 /var/www/html/wordpress/wp-content/themes/transport-lite-child/functions.php(89): include()
#1 /var/www/html/wordpress/wp-includes/class-wp-hook.php(286): myfunction('')
#2 /var/www/html/wordpress/wp-includes/class-wp-hook.php(310): WP_Hook->apply_filters('', Array)
#3 /var/www/html/wordpress/wp-includes/plugin.php(453): WP_Hook->do_action(Array)
#4 /var/www/html/wordpress/wp-admin/admin.php(224): do_action('toplevel_page_m...')
#5 {main}
  thrown in /var/www/html/wordpress/wp-content/themes/transport-lite-child/Template-part/country/listing.php on line 101

2018-11-22T12:34:12+00:00 CRITICAL Uncaught Error: Cannot use object of type stdClass as array in /var/www/html/wordpress/wp-content/themes/transport-lite-child/Template-part/country/listing.php:101
Stack trace:
#0 /var/www/html/wordpress/wp-content/themes/transport-lite-child/functions.php(89): include()
#1 /var/www/html/wordpress/wp-includes/class-wp-hook.php(286): myfunction('')
#2 /var/www/html/wordpress/wp-includes/class-wp-hook.php(310): WP_Hook->apply_filters('', Array)
#3 /var/www/html/wordpress/wp-includes/plugin.php(453): WP_Hook->do_action(Array)
#4 /var/www/html/wordpress/wp-admin/admin.php(224): do_action('toplevel_page_m...')
#5 {main}
  thrown in /var/www/html/wordpress/wp-content/themes/transport-lite-child/Template-part/country/listing.php on line 101

2018-11-22T12:37:26+00:00 CRITICAL Uncaught Error: Cannot use object of type stdClass as array in /var/www/html/wordpress/wp-content/themes/transport-lite-child/Template-part/country/listing.php:101
Stack trace:
#0 /var/www/html/wordpress/wp-content/themes/transport-lite-child/functions.php(89): include()
#1 /var/www/html/wordpress/wp-includes/class-wp-hook.php(286): myfunction('')
#2 /var/www/html/wordpress/wp-includes/class-wp-hook.php(310): WP_Hook->apply_filters('', Array)
#3 /var/www/html/wordpress/wp-includes/plugin.php(453): WP_Hook->do_action(Array)
#4 /var/www/html/wordpress/wp-admin/admin.php(224): do_action('toplevel_page_m...')
#5 {main}
  thrown in /var/www/html/wordpress/wp-content/themes/transport-lite-child/Template-part/country/listing.php on line 101

2018-11-22T12:37:26+00:00 CRITICAL Uncaught Error: Cannot use object of type stdClass as array in /var/www/html/wordpress/wp-content/themes/transport-lite-child/Template-part/country/listing.php:101
Stack trace:
#0 /var/www/html/wordpress/wp-content/themes/transport-lite-child/functions.php(89): include()
#1 /var/www/html/wordpress/wp-includes/class-wp-hook.php(286): myfunction('')
#2 /var/www/html/wordpress/wp-includes/class-wp-hook.php(310): WP_Hook->apply_filters('', Array)
#3 /var/www/html/wordpress/wp-includes/plugin.php(453): WP_Hook->do_action(Array)
#4 /var/www/html/wordpress/wp-admin/admin.php(224): do_action('toplevel_page_m...')
#5 {main}
  thrown in /var/www/html/wordpress/wp-content/themes/transport-lite-child/Template-part/country/listing.php on line 101

