2018-11-23T04:55:09+00:00 CRITICAL Uncaught ArgumentCountError: Too few arguments to function get_post_meta(), 0 passed in /var/www/html/wordpress/wp-content/themes/transport-lite-child/Template-part/country/listing.php on line 5 and at least 1 expected in /var/www/html/wordpress/wp-includes/post.php:1836
Stack trace:
#0 /var/www/html/wordpress/wp-content/themes/transport-lite-child/Template-part/country/listing.php(5): get_post_meta()
#1 /var/www/html/wordpress/wp-content/themes/transport-lite-child/functions.php(89): include('/var/www/html/w...')
#2 /var/www/html/wordpress/wp-includes/class-wp-hook.php(286): myfunction('')
#3 /var/www/html/wordpress/wp-includes/class-wp-hook.php(310): WP_Hook->apply_filters('', Array)
#4 /var/www/html/wordpress/wp-includes/plugin.php(453): WP_Hook->do_action(Array)
#5 /var/www/html/wordpress/wp-admin/admin.php(224): do_action('toplevel_page_m...')
#6 {main}
  thrown in /var/www/html/wordpress/wp-includes/post.php on line 1836

2018-11-23T05:41:02+00:00 CRITICAL Redefinition of parameter $value in /var/www/html/wordpress/wp-content/themes/transport-lite-child/functions.php on line 147

2018-11-23T07:23:35+00:00 CRITICAL Uncaught Error: Function name must be a string in /var/www/html/wordpress/wp-content/themes/transport-lite-child/Template-part/country/code/edit.php:6
Stack trace:
#0 /var/www/html/wordpress/wp-content/themes/transport-lite-child/functions.php(100): include_once()
#1 /var/www/html/wordpress/wp-includes/class-wp-hook.php(286): myfunction('')
#2 /var/www/html/wordpress/wp-includes/class-wp-hook.php(310): WP_Hook->apply_filters('', Array)
#3 /var/www/html/wordpress/wp-includes/plugin.php(453): WP_Hook->do_action(Array)
#4 /var/www/html/wordpress/wp-admin/admin.php(224): do_action('toplevel_page_m...')
#5 {main}
  thrown in /var/www/html/wordpress/wp-content/themes/transport-lite-child/Template-part/country/code/edit.php on line 6

2018-11-23T07:25:09+00:00 CRITICAL Uncaught Error: Function name must be a string in /var/www/html/wordpress/wp-content/themes/transport-lite-child/Template-part/country/code/edit.php:7
Stack trace:
#0 /var/www/html/wordpress/wp-content/themes/transport-lite-child/functions.php(100): include_once()
#1 /var/www/html/wordpress/wp-includes/class-wp-hook.php(286): myfunction('')
#2 /var/www/html/wordpress/wp-includes/class-wp-hook.php(310): WP_Hook->apply_filters('', Array)
#3 /var/www/html/wordpress/wp-includes/plugin.php(453): WP_Hook->do_action(Array)
#4 /var/www/html/wordpress/wp-admin/admin.php(224): do_action('toplevel_page_m...')
#5 {main}
  thrown in /var/www/html/wordpress/wp-content/themes/transport-lite-child/Template-part/country/code/edit.php on line 7

